<?xml version="1.0" encoding="UTF-8"?>
<testsuite xmlns:xsi="http://www.w3.org/2001/XMLSchema-instance" xsi:noNamespaceSchemaLocation="https://maven.apache.org/surefire/maven-surefire-plugin/xsd/surefire-test-report-3.0.xsd" version="3.0" name="TestSuite" time="17.838" tests="4" errors="0" skipped="0" failures="0">
  <properties>
    <property name="gopherProxySet" value="false"/>
    <property name="awt.toolkit" value="sun.lwawt.macosx.LWCToolkit"/>
    <property name="file.encoding.pkg" value="sun.io"/>
    <property name="java.specification.version" value="1.8"/>
    <property name="webdriver.chrome.driver" value="/Users/sujatac/.m2/repository/webdriver/chromedriver/mac64/83.0.4103.39/chromedriver"/>
    <property name="sun.cpu.isalist" value=""/>
    <property name="sun.jnu.encoding" value="UTF-8"/>
    <property name="java.class.path" value="/Users/sujatac/Documents/SeleniumFramework/Automation/target/classes:/Users/sujatac/Documents/SeleniumFramework/Automation/target/classes:/Users/sujatac/.m2/repository/org/testng/testng/6.14.3/testng-6.14.3.jar:/Users/sujatac/.m2/repository/com/beust/jcommander/1.72/jcommander-1.72.jar:/Users/sujatac/.m2/repository/org/apache-extras/beanshell/bsh/2.0b6/bsh-2.0b6.jar:/Users/sujatac/.m2/repository/org/seleniumhq/selenium/selenium-java/3.141.59/selenium-java-3.141.59.jar:/Users/sujatac/.m2/repository/org/seleniumhq/selenium/selenium-api/3.141.59/selenium-api-3.141.59.jar:/Users/sujatac/.m2/repository/org/seleniumhq/selenium/selenium-chrome-driver/3.141.59/selenium-chrome-driver-3.141.59.jar:/Users/sujatac/.m2/repository/org/seleniumhq/selenium/selenium-edge-driver/3.141.59/selenium-edge-driver-3.141.59.jar:/Users/sujatac/.m2/repository/org/seleniumhq/selenium/selenium-firefox-driver/3.141.59/selenium-firefox-driver-3.141.59.jar:/Users/sujatac/.m2/repository/org/seleniumhq/selenium/selenium-ie-driver/3.141.59/selenium-ie-driver-3.141.59.jar:/Users/sujatac/.m2/repository/org/seleniumhq/selenium/selenium-opera-driver/3.141.59/selenium-opera-driver-3.141.59.jar:/Users/sujatac/.m2/repository/org/seleniumhq/selenium/selenium-remote-driver/3.141.59/selenium-remote-driver-3.141.59.jar:/Users/sujatac/.m2/repository/org/seleniumhq/selenium/selenium-safari-driver/3.141.59/selenium-safari-driver-3.141.59.jar:/Users/sujatac/.m2/repository/org/seleniumhq/selenium/selenium-support/3.141.59/selenium-support-3.141.59.jar:/Users/sujatac/.m2/repository/net/bytebuddy/byte-buddy/1.8.15/byte-buddy-1.8.15.jar:/Users/sujatac/.m2/repository/org/apache/commons/commons-exec/1.3/commons-exec-1.3.jar:/Users/sujatac/.m2/repository/com/google/guava/guava/25.0-jre/guava-25.0-jre.jar:/Users/sujatac/.m2/repository/com/google/code/findbugs/jsr305/1.3.9/jsr305-1.3.9.jar:/Users/sujatac/.m2/repository/org/checkerframework/checker-compat-qual/2.0.0/checker-compat-qual-2.0.0.jar:/Users/sujatac/.m2/repository/com/google/errorprone/error_prone_annotations/2.1.3/error_prone_annotations-2.1.3.jar:/Users/sujatac/.m2/repository/com/google/j2objc/j2objc-annotations/1.1/j2objc-annotations-1.1.jar:/Users/sujatac/.m2/repository/org/codehaus/mojo/animal-sniffer-annotations/1.14/animal-sniffer-annotations-1.14.jar:/Users/sujatac/.m2/repository/com/squareup/okhttp3/okhttp/3.11.0/okhttp-3.11.0.jar:/Users/sujatac/.m2/repository/com/squareup/okio/okio/1.14.0/okio-1.14.0.jar:/Users/sujatac/.m2/repository/org/apache/logging/log4j/log4j-core/2.13.3/log4j-core-2.13.3.jar:/Users/sujatac/.m2/repository/org/apache/logging/log4j/log4j-api/2.13.3/log4j-api-2.13.3.jar:/Users/sujatac/.m2/repository/com/aventstack/extentreports/4.1.2/extentreports-4.1.2.jar:/Users/sujatac/.m2/repository/org/freemarker/freemarker/2.3.29/freemarker-2.3.29.jar:/Users/sujatac/.m2/repository/org/apache/httpcomponents/httpclient/4.5.2/httpclient-4.5.2.jar:/Users/sujatac/.m2/repository/org/apache/httpcomponents/httpcore/4.4.4/httpcore-4.4.4.jar:/Users/sujatac/.m2/repository/commons-logging/commons-logging/1.2/commons-logging-1.2.jar:/Users/sujatac/.m2/repository/org/apache/httpcomponents/httpmime/4.5.2/httpmime-4.5.2.jar:/Users/sujatac/.m2/repository/org/mongodb/mongodb-driver/3.12.0/mongodb-driver-3.12.0.jar:/Users/sujatac/.m2/repository/org/mongodb/mongodb-driver-core/3.12.0/mongodb-driver-core-3.12.0.jar:/Users/sujatac/.m2/repository/org/mongodb/bson/3.12.0/bson-3.12.0.jar:/Users/sujatac/.m2/repository/commons-io/commons-io/2.7/commons-io-2.7.jar:/Users/sujatac/.m2/repository/org/apache/poi/poi/4.1.2/poi-4.1.2.jar:/Users/sujatac/.m2/repository/commons-codec/commons-codec/1.13/commons-codec-1.13.jar:/Users/sujatac/.m2/repository/org/apache/commons/commons-collections4/4.4/commons-collections4-4.4.jar:/Users/sujatac/.m2/repository/org/apache/commons/commons-math3/3.6.1/commons-math3-3.6.1.jar:/Users/sujatac/.m2/repository/com/zaxxer/SparseBitSet/1.2/SparseBitSet-1.2.jar:/Users/sujatac/.m2/repository/org/apache/poi/poi-ooxml/4.1.2/poi-ooxml-4.1.2.jar:/Users/sujatac/.m2/repository/org/apache/commons/commons-compress/1.19/commons-compress-1.19.jar:/Users/sujatac/.m2/repository/com/github/virtuald/curvesapi/1.06/curvesapi-1.06.jar:/Users/sujatac/.m2/repository/org/apache/poi/poi-scratchpad/4.1.2/poi-scratchpad-4.1.2.jar:/Users/sujatac/.m2/repository/org/apache/poi/poi-ooxml-schemas/4.1.2/poi-ooxml-schemas-4.1.2.jar:/Users/sujatac/.m2/repository/org/apache/xmlbeans/xmlbeans/3.1.0/xmlbeans-3.1.0.jar:/Users/sujatac/.m2/repository/io/rest-assured/rest-assured/4.3.0/rest-assured-4.3.0.jar:/Users/sujatac/.m2/repository/org/codehaus/groovy/groovy/3.0.2/groovy-3.0.2.jar:/Users/sujatac/.m2/repository/org/codehaus/groovy/groovy-xml/3.0.2/groovy-xml-3.0.2.jar:/Users/sujatac/.m2/repository/org/hamcrest/hamcrest/2.1/hamcrest-2.1.jar:/Users/sujatac/.m2/repository/org/ccil/cowan/tagsoup/tagsoup/1.2.1/tagsoup-1.2.1.jar:/Users/sujatac/.m2/repository/io/rest-assured/json-path/4.3.0/json-path-4.3.0.jar:/Users/sujatac/.m2/repository/org/codehaus/groovy/groovy-json/3.0.2/groovy-json-3.0.2.jar:/Users/sujatac/.m2/repository/io/rest-assured/rest-assured-common/4.3.0/rest-assured-common-4.3.0.jar:/Users/sujatac/.m2/repository/io/rest-assured/xml-path/4.3.0/xml-path-4.3.0.jar:/Users/sujatac/.m2/repository/jakarta/xml/bind/jakarta.xml.bind-api/2.3.2/jakarta.xml.bind-api-2.3.2.jar:/Users/sujatac/.m2/repository/jakarta/activation/jakarta.activation-api/1.2.1/jakarta.activation-api-1.2.1.jar:/Users/sujatac/.m2/repository/com/sun/xml/bind/jaxb-osgi/2.3.0.1/jaxb-osgi-2.3.0.1.jar:/Users/sujatac/.m2/repository/org/apache/sling/org.apache.sling.javax.activation/0.1.0/org.apache.sling.javax.activation-0.1.0.jar:/Users/sujatac/.m2/repository/javax/activation/activation/1.1.1/activation-1.1.1.jar:/Users/sujatac/.m2/repository/com/fasterxml/jackson/core/jackson-core/2.11.0/jackson-core-2.11.0.jar:/Users/sujatac/.m2/repository/com/fasterxml/jackson/core/jackson-databind/2.11.0/jackson-databind-2.11.0.jar:/Users/sujatac/.m2/repository/com/fasterxml/jackson/core/jackson-annotations/2.11.0/jackson-annotations-2.11.0.jar:/Users/sujatac/.m2/repository/com/google/code/gson/gson/2.8.6/gson-2.8.6.jar:/Users/sujatac/.m2/repository/org/json/json/20200518/json-20200518.jar:/Users/sujatac/.m2/repository/mysql/mysql-connector-java/8.0.20/mysql-connector-java-8.0.20.jar:/Users/sujatac/.m2/repository/com/google/protobuf/protobuf-java/3.6.1/protobuf-java-3.6.1.jar:/Users/sujatac/.m2/repository/io/qameta/allure/allure-testng/2.13.3/allure-testng-2.13.3.jar:/Users/sujatac/.m2/repository/io/qameta/allure/allure-java-commons/2.13.3/allure-java-commons-2.13.3.jar:/Users/sujatac/.m2/repository/io/qameta/allure/allure-model/2.13.3/allure-model-2.13.3.jar:/Users/sujatac/.m2/repository/org/apache/tika/tika-core/1.20/tika-core-1.20.jar:/Users/sujatac/.m2/repository/org/jooq/joor-java-8/0.9.10/joor-java-8-0.9.10.jar:/Users/sujatac/.m2/repository/io/github/bonigarcia/webdrivermanager/4.0.0/webdrivermanager-4.0.0.jar:/Users/sujatac/.m2/repository/org/slf4j/slf4j-api/1.7.30/slf4j-api-1.7.30.jar:/Users/sujatac/.m2/repository/org/apache/commons/commons-lang3/3.10/commons-lang3-3.10.jar:/Users/sujatac/.m2/repository/org/apache/httpcomponents/client5/httpclient5/5.0/httpclient5-5.0.jar:/Users/sujatac/.m2/repository/org/apache/httpcomponents/core5/httpcore5/5.0/httpcore5-5.0.jar:/Users/sujatac/.m2/repository/org/apache/httpcomponents/core5/httpcore5-h2/5.0/httpcore5-h2-5.0.jar:/Users/sujatac/.m2/repository/org/rauschig/jarchivelib/1.0.0/jarchivelib-1.0.0.jar:/Users/sujatac/.m2/repository/org/jsoup/jsoup/1.13.1/jsoup-1.13.1.jar:"/>
    <property name="java.vm.vendor" value="Oracle Corporation"/>
    <property name="sun.arch.data.model" value="64"/>
    <property name="java.vendor.url" value="http://java.oracle.com/"/>
    <property name="user.timezone" value="Europe/Stockholm"/>
    <property name="java.vm.specification.version" value="1.8"/>
    <property name="os.name" value="Mac OS X"/>
    <property name="user.country" value="GB"/>
    <property name="sun.java.launcher" value="SUN_STANDARD"/>
    <property name="sun.boot.library.path" value="/Library/Java/JavaVirtualMachines/jdk1.8.0_251.jdk/Contents/Home/jre/lib"/>
    <property name="sun.java.command" value="/Users/sujatac/Documents/SeleniumFramework/Automation/target/surefire/surefirebooter8137393028763303463.jar /Users/sujatac/Documents/SeleniumFramework/Automation/target/surefire 2020-06-24T22-06-24_649-jvmRun1 surefire473694703765128382tmp surefire_08058508862087730355tmp"/>
    <property name="http.nonProxyHosts" value="local|*.local|169.254/16|*.169.254/16"/>
    <property name="surefire.test.class.path" value="/Users/sujatac/Documents/SeleniumFramework/Automation/target/classes:/Users/sujatac/Documents/SeleniumFramework/Automation/target/classes:/Users/sujatac/.m2/repository/org/testng/testng/6.14.3/testng-6.14.3.jar:/Users/sujatac/.m2/repository/com/beust/jcommander/1.72/jcommander-1.72.jar:/Users/sujatac/.m2/repository/org/apache-extras/beanshell/bsh/2.0b6/bsh-2.0b6.jar:/Users/sujatac/.m2/repository/org/seleniumhq/selenium/selenium-java/3.141.59/selenium-java-3.141.59.jar:/Users/sujatac/.m2/repository/org/seleniumhq/selenium/selenium-api/3.141.59/selenium-api-3.141.59.jar:/Users/sujatac/.m2/repository/org/seleniumhq/selenium/selenium-chrome-driver/3.141.59/selenium-chrome-driver-3.141.59.jar:/Users/sujatac/.m2/repository/org/seleniumhq/selenium/selenium-edge-driver/3.141.59/selenium-edge-driver-3.141.59.jar:/Users/sujatac/.m2/repository/org/seleniumhq/selenium/selenium-firefox-driver/3.141.59/selenium-firefox-driver-3.141.59.jar:/Users/sujatac/.m2/repository/org/seleniumhq/selenium/selenium-ie-driver/3.141.59/selenium-ie-driver-3.141.59.jar:/Users/sujatac/.m2/repository/org/seleniumhq/selenium/selenium-opera-driver/3.141.59/selenium-opera-driver-3.141.59.jar:/Users/sujatac/.m2/repository/org/seleniumhq/selenium/selenium-remote-driver/3.141.59/selenium-remote-driver-3.141.59.jar:/Users/sujatac/.m2/repository/org/seleniumhq/selenium/selenium-safari-driver/3.141.59/selenium-safari-driver-3.141.59.jar:/Users/sujatac/.m2/repository/org/seleniumhq/selenium/selenium-support/3.141.59/selenium-support-3.141.59.jar:/Users/sujatac/.m2/repository/net/bytebuddy/byte-buddy/1.8.15/byte-buddy-1.8.15.jar:/Users/sujatac/.m2/repository/org/apache/commons/commons-exec/1.3/commons-exec-1.3.jar:/Users/sujatac/.m2/repository/com/google/guava/guava/25.0-jre/guava-25.0-jre.jar:/Users/sujatac/.m2/repository/com/google/code/findbugs/jsr305/1.3.9/jsr305-1.3.9.jar:/Users/sujatac/.m2/repository/org/checkerframework/checker-compat-qual/2.0.0/checker-compat-qual-2.0.0.jar:/Users/sujatac/.m2/repository/com/google/errorprone/error_prone_annotations/2.1.3/error_prone_annotations-2.1.3.jar:/Users/sujatac/.m2/repository/com/google/j2objc/j2objc-annotations/1.1/j2objc-annotations-1.1.jar:/Users/sujatac/.m2/repository/org/codehaus/mojo/animal-sniffer-annotations/1.14/animal-sniffer-annotations-1.14.jar:/Users/sujatac/.m2/repository/com/squareup/okhttp3/okhttp/3.11.0/okhttp-3.11.0.jar:/Users/sujatac/.m2/repository/com/squareup/okio/okio/1.14.0/okio-1.14.0.jar:/Users/sujatac/.m2/repository/org/apache/logging/log4j/log4j-core/2.13.3/log4j-core-2.13.3.jar:/Users/sujatac/.m2/repository/org/apache/logging/log4j/log4j-api/2.13.3/log4j-api-2.13.3.jar:/Users/sujatac/.m2/repository/com/aventstack/extentreports/4.1.2/extentreports-4.1.2.jar:/Users/sujatac/.m2/repository/org/freemarker/freemarker/2.3.29/freemarker-2.3.29.jar:/Users/sujatac/.m2/repository/org/apache/httpcomponents/httpclient/4.5.2/httpclient-4.5.2.jar:/Users/sujatac/.m2/repository/org/apache/httpcomponents/httpcore/4.4.4/httpcore-4.4.4.jar:/Users/sujatac/.m2/repository/commons-logging/commons-logging/1.2/commons-logging-1.2.jar:/Users/sujatac/.m2/repository/org/apache/httpcomponents/httpmime/4.5.2/httpmime-4.5.2.jar:/Users/sujatac/.m2/repository/org/mongodb/mongodb-driver/3.12.0/mongodb-driver-3.12.0.jar:/Users/sujatac/.m2/repository/org/mongodb/mongodb-driver-core/3.12.0/mongodb-driver-core-3.12.0.jar:/Users/sujatac/.m2/repository/org/mongodb/bson/3.12.0/bson-3.12.0.jar:/Users/sujatac/.m2/repository/commons-io/commons-io/2.7/commons-io-2.7.jar:/Users/sujatac/.m2/repository/org/apache/poi/poi/4.1.2/poi-4.1.2.jar:/Users/sujatac/.m2/repository/commons-codec/commons-codec/1.13/commons-codec-1.13.jar:/Users/sujatac/.m2/repository/org/apache/commons/commons-collections4/4.4/commons-collections4-4.4.jar:/Users/sujatac/.m2/repository/org/apache/commons/commons-math3/3.6.1/commons-math3-3.6.1.jar:/Users/sujatac/.m2/repository/com/zaxxer/SparseBitSet/1.2/SparseBitSet-1.2.jar:/Users/sujatac/.m2/repository/org/apache/poi/poi-ooxml/4.1.2/poi-ooxml-4.1.2.jar:/Users/sujatac/.m2/repository/org/apache/commons/commons-compress/1.19/commons-compress-1.19.jar:/Users/sujatac/.m2/repository/com/github/virtuald/curvesapi/1.06/curvesapi-1.06.jar:/Users/sujatac/.m2/repository/org/apache/poi/poi-scratchpad/4.1.2/poi-scratchpad-4.1.2.jar:/Users/sujatac/.m2/repository/org/apache/poi/poi-ooxml-schemas/4.1.2/poi-ooxml-schemas-4.1.2.jar:/Users/sujatac/.m2/repository/org/apache/xmlbeans/xmlbeans/3.1.0/xmlbeans-3.1.0.jar:/Users/sujatac/.m2/repository/io/rest-assured/rest-assured/4.3.0/rest-assured-4.3.0.jar:/Users/sujatac/.m2/repository/org/codehaus/groovy/groovy/3.0.2/groovy-3.0.2.jar:/Users/sujatac/.m2/repository/org/codehaus/groovy/groovy-xml/3.0.2/groovy-xml-3.0.2.jar:/Users/sujatac/.m2/repository/org/hamcrest/hamcrest/2.1/hamcrest-2.1.jar:/Users/sujatac/.m2/repository/org/ccil/cowan/tagsoup/tagsoup/1.2.1/tagsoup-1.2.1.jar:/Users/sujatac/.m2/repository/io/rest-assured/json-path/4.3.0/json-path-4.3.0.jar:/Users/sujatac/.m2/repository/org/codehaus/groovy/groovy-json/3.0.2/groovy-json-3.0.2.jar:/Users/sujatac/.m2/repository/io/rest-assured/rest-assured-common/4.3.0/rest-assured-common-4.3.0.jar:/Users/sujatac/.m2/repository/io/rest-assured/xml-path/4.3.0/xml-path-4.3.0.jar:/Users/sujatac/.m2/repository/jakarta/xml/bind/jakarta.xml.bind-api/2.3.2/jakarta.xml.bind-api-2.3.2.jar:/Users/sujatac/.m2/repository/jakarta/activation/jakarta.activation-api/1.2.1/jakarta.activation-api-1.2.1.jar:/Users/sujatac/.m2/repository/com/sun/xml/bind/jaxb-osgi/2.3.0.1/jaxb-osgi-2.3.0.1.jar:/Users/sujatac/.m2/repository/org/apache/sling/org.apache.sling.javax.activation/0.1.0/org.apache.sling.javax.activation-0.1.0.jar:/Users/sujatac/.m2/repository/javax/activation/activation/1.1.1/activation-1.1.1.jar:/Users/sujatac/.m2/repository/com/fasterxml/jackson/core/jackson-core/2.11.0/jackson-core-2.11.0.jar:/Users/sujatac/.m2/repository/com/fasterxml/jackson/core/jackson-databind/2.11.0/jackson-databind-2.11.0.jar:/Users/sujatac/.m2/repository/com/fasterxml/jackson/core/jackson-annotations/2.11.0/jackson-annotations-2.11.0.jar:/Users/sujatac/.m2/repository/com/google/code/gson/gson/2.8.6/gson-2.8.6.jar:/Users/sujatac/.m2/repository/org/json/json/20200518/json-20200518.jar:/Users/sujatac/.m2/repository/mysql/mysql-connector-java/8.0.20/mysql-connector-java-8.0.20.jar:/Users/sujatac/.m2/repository/com/google/protobuf/protobuf-java/3.6.1/protobuf-java-3.6.1.jar:/Users/sujatac/.m2/repository/io/qameta/allure/allure-testng/2.13.3/allure-testng-2.13.3.jar:/Users/sujatac/.m2/repository/io/qameta/allure/allure-java-commons/2.13.3/allure-java-commons-2.13.3.jar:/Users/sujatac/.m2/repository/io/qameta/allure/allure-model/2.13.3/allure-model-2.13.3.jar:/Users/sujatac/.m2/repository/org/apache/tika/tika-core/1.20/tika-core-1.20.jar:/Users/sujatac/.m2/repository/org/jooq/joor-java-8/0.9.10/joor-java-8-0.9.10.jar:/Users/sujatac/.m2/repository/io/github/bonigarcia/webdrivermanager/4.0.0/webdrivermanager-4.0.0.jar:/Users/sujatac/.m2/repository/org/slf4j/slf4j-api/1.7.30/slf4j-api-1.7.30.jar:/Users/sujatac/.m2/repository/org/apache/commons/commons-lang3/3.10/commons-lang3-3.10.jar:/Users/sujatac/.m2/repository/org/apache/httpcomponents/client5/httpclient5/5.0/httpclient5-5.0.jar:/Users/sujatac/.m2/repository/org/apache/httpcomponents/core5/httpcore5/5.0/httpcore5-5.0.jar:/Users/sujatac/.m2/repository/org/apache/httpcomponents/core5/httpcore5-h2/5.0/httpcore5-h2-5.0.jar:/Users/sujatac/.m2/repository/org/rauschig/jarchivelib/1.0.0/jarchivelib-1.0.0.jar:/Users/sujatac/.m2/repository/org/jsoup/jsoup/1.13.1/jsoup-1.13.1.jar:"/>
    <property name="sun.cpu.endian" value="little"/>
    <property name="user.home" value="/Users/sujatac"/>
    <property name="user.language" value="en"/>
    <property name="java.specification.vendor" value="Oracle Corporation"/>
    <property name="java.home" value="/Library/Java/JavaVirtualMachines/jdk1.8.0_251.jdk/Contents/Home/jre"/>
    <property name="basedir" value="/Users/sujatac/Documents/SeleniumFramework/Automation"/>
    <property name="file.separator" value="/"/>
    <property name="line.separator" value="&#10;"/>
    <property name="java.vm.specification.vendor" value="Oracle Corporation"/>
    <property name="java.specification.name" value="Java Platform API Specification"/>
    <property name="java.awt.graphicsenv" value="sun.awt.CGraphicsEnvironment"/>
    <property name="surefire.real.class.path" value="/Users/sujatac/Documents/SeleniumFramework/Automation/target/surefire/surefirebooter8137393028763303463.jar:/Users/sujatac/.m2/repository/org/aspectj/aspectjweaver/1.9.5/aspectjweaver-1.9.5.jar"/>
    <property name="sun.boot.class.path" value="/Library/Java/JavaVirtualMachines/jdk1.8.0_251.jdk/Contents/Home/jre/lib/resources.jar:/Library/Java/JavaVirtualMachines/jdk1.8.0_251.jdk/Contents/Home/jre/lib/rt.jar:/Library/Java/JavaVirtualMachines/jdk1.8.0_251.jdk/Contents/Home/jre/lib/sunrsasign.jar:/Library/Java/JavaVirtualMachines/jdk1.8.0_251.jdk/Contents/Home/jre/lib/jsse.jar:/Library/Java/JavaVirtualMachines/jdk1.8.0_251.jdk/Contents/Home/jre/lib/jce.jar:/Library/Java/JavaVirtualMachines/jdk1.8.0_251.jdk/Contents/Home/jre/lib/charsets.jar:/Library/Java/JavaVirtualMachines/jdk1.8.0_251.jdk/Contents/Home/jre/lib/jfr.jar:/Library/Java/JavaVirtualMachines/jdk1.8.0_251.jdk/Contents/Home/jre/classes"/>
    <property name="sun.management.compiler" value="HotSpot 64-Bit Tiered Compilers"/>
    <property name="ftp.nonProxyHosts" value="local|*.local|169.254/16|*.169.254/16"/>
    <property name="java.runtime.version" value="1.8.0_251-b08"/>
    <property name="user.name" value="sujatac"/>
    <property name="path.separator" value=":"/>
    <property name="os.version" value="10.15.2"/>
    <property name="java.endorsed.dirs" value="/Library/Java/JavaVirtualMachines/jdk1.8.0_251.jdk/Contents/Home/jre/lib/endorsed"/>
    <property name="java.runtime.name" value="Java(TM) SE Runtime Environment"/>
    <property name="file.encoding" value="UTF-8"/>
    <property name="java.vm.name" value="Java HotSpot(TM) 64-Bit Server VM"/>
    <property name="localRepository" value="/Users/sujatac/.m2/repository"/>
    <property name="java.vendor.url.bug" value="http://bugreport.sun.com/bugreport/"/>
    <property name="java.io.tmpdir" value="/var/folders/gt/hh2_zcbj5sgbqrkz1wx5rdsm0000gn/T/"/>
    <property name="java.version" value="1.8.0_251"/>
    <property name="user.dir" value="/Users/sujatac/Documents/SeleniumFramework/Automation"/>
    <property name="os.arch" value="x86_64"/>
    <property name="webdriver.gecko.driver" value="/Users/sujatac/.m2/repository/webdriver/geckodriver/macos/0.26.0/geckodriver"/>
    <property name="java.vm.specification.name" value="Java Virtual Machine Specification"/>
    <property name="java.awt.printerjob" value="sun.lwawt.macosx.CPrinterJob"/>
    <property name="sun.os.patch.level" value="unknown"/>
    <property name="java.library.path" value="/Users/sujatac/Library/Java/Extensions:/Library/Java/Extensions:/Network/Library/Java/Extensions:/System/Library/Java/Extensions:/usr/lib/java:."/>
    <property name="java.vm.info" value="mixed mode"/>
    <property name="java.vendor" value="Oracle Corporation"/>
    <property name="java.vm.version" value="25.251-b08"/>
    <property name="java.ext.dirs" value="/Users/sujatac/Library/Java/Extensions:/Library/Java/JavaVirtualMachines/jdk1.8.0_251.jdk/Contents/Home/jre/lib/ext:/Library/Java/Extensions:/Network/Library/Java/Extensions:/System/Library/Java/Extensions:/usr/lib/java"/>
    <property name="sun.io.unicode.encoding" value="UnicodeBig"/>
    <property name="java.class.version" value="52.0"/>
    <property name="socksNonProxyHosts" value="local|*.local|169.254/16|*.169.254/16"/>
  </properties>
  <testcase name="tc_VerifyClickOnSignIn" classname="com.Automation.TestCases.LaunchPageTest" time="0.876">
    <system-out><![CDATA[[INFO ] 2020-06-24-22-06 BaseClass:83 - Initializing Selenium WebDriver to start execution
[INFO ] 2020-06-24-22-06 BaseClass:83 - Initializing Selenium WebDriver to start execution
[INFO ] 2020-06-24-22-06 BaseClass:83 - Initializing Selenium WebDriver to start execution
[INFO ] 2020-06-24-22-06 BaseClass:83 - Initializing Selenium WebDriver to start execution
[INFO ] 2020-06-24-22-06 BaseClass:119 - Launching Firefox Browser in Remote
[INFO ] 2020-06-24-22-06 BaseClass:98 - Launching Firefox Browser in Local
[INFO ] 2020-06-24-22-06 BaseClass:114 - Launching Chrome Browser in Remote
[INFO ] 2020-06-24-22-06 BaseClass:88 - Launching Chrome Browser in Local
[INFO ] 2020-06-24-22-06 BaseClass:95 - Chrome Browser is launched in Local
[INFO ] 2020-06-24-22-06 BaseClass:104 - Firefox Browser in Local
[INFO ] 2020-06-24-22-06 BaseClass:143 - Selenium WebDriver is initialized successfully to start execution
[INFO ] 2020-06-24-22-06 TestListeners:87 - Test Case:tc_VerifyClickOnSignIn has started
[INFO ] 2020-06-24-22-06 LaunchPage:25 - Start Method:tc_VerifyClickOnSignIn
[INFO ] 2020-06-24-22-06 LaunchPage:27 - End Method:tc_VerifyClickOnSignIn
[INFO ] 2020-06-24-22-06 TestListeners:95 - Test Case:tc_VerifyClickOnSignIn has executed successfully
]]></system-out>
    <system-err><![CDATA[SLF4J: Failed to load class "org.slf4j.impl.StaticLoggerBinder".
SLF4J: Defaulting to no-operation (NOP) logger implementation
SLF4J: See http://www.slf4j.org/codes.html#StaticLoggerBinder for further details.
Jun 24, 2020 10:06:26 PM org.openqa.selenium.remote.DesiredCapabilities firefox
INFO: Using `new FirefoxOptions()` is preferred to `DesiredCapabilities.firefox()`
Jun 24, 2020 10:06:26 PM org.openqa.selenium.remote.DesiredCapabilities chrome
INFO: Using `new ChromeOptions()` is preferred to `DesiredCapabilities.chrome()`
Starting ChromeDriver 83.0.4103.39 (ccbf011cb2d2b19b506d844400483861342c20cd-refs/branch-heads/4103@{#416}) on port 23362
Only local connections are allowed.
Please see https://chromedriver.chromium.org/security-considerations for suggestions on keeping ChromeDriver safe.
ChromeDriver was started successfully.
1593029186961	mozrunner::runner	INFO	Running command: "/Applications/Firefox.app/Contents/MacOS/firefox-bin" "-marionette" "-foreground" "-no-remote" "-profile" "/var/folders/gt/hh2_zcbj5sgbqrkz1wx5rdsm0000gn/T/rust_mozprofiled7yXFq"
Jun 24, 2020 10:06:27 PM org.openqa.selenium.remote.ProtocolHandshake createSession
INFO: Detected dialect: W3C
1593029188913	Marionette	INFO	Listening on port 50553
1593029188997	Marionette	WARN	TLS certificate errors will be ignored for this session
Jun 24, 2020 10:06:29 PM org.openqa.selenium.remote.ProtocolHandshake createSession
INFO: Detected dialect: W3C
JavaScript error: resource://gre/modules/URIFixup.jsm, line 203: NS_ERROR_FAILURE: Should pass a non-null uri
]]></system-err>
  </testcase>
  <testcase name="tc_VerifyClickOnSignIn" classname="com.Automation.TestCases.LaunchPageTest" time="1.701">
    <system-out><![CDATA[[INFO ] 2020-06-24-22-06 BaseClass:153 - Driver is being closed.
[INFO ] 2020-06-24-22-06 BaseClass:157 - Driver closed successfully.
[INFO ] 2020-06-24-22-06 BaseClass:143 - Selenium WebDriver is initialized successfully to start execution
[INFO ] 2020-06-24-22-06 TestListeners:87 - Test Case:tc_VerifyClickOnSignIn has started
[INFO ] 2020-06-24-22-06 LaunchPage:25 - Start Method:tc_VerifyClickOnSignIn
[INFO ] 2020-06-24-22-06 LaunchPage:27 - End Method:tc_VerifyClickOnSignIn
[INFO ] 2020-06-24-22-06 TestListeners:95 - Test Case:tc_VerifyClickOnSignIn has executed successfully
]]></system-out>
  </testcase>
  <testcase name="tc_VerifyClickOnSignIn" classname="com.Automation.TestCases.LaunchPageTest" time="1.19">
    <system-out><![CDATA[[INFO ] 2020-06-24-22-06 BaseClass:153 - Driver is being closed.
[INFO ] 2020-06-24-22-06 BaseClass:157 - Driver closed successfully.
[INFO ] 2020-06-24-22-06 BaseClass:143 - Selenium WebDriver is initialized successfully to start execution
[INFO ] 2020-06-24-22-06 TestListeners:87 - Test Case:tc_VerifyClickOnSignIn has started
[INFO ] 2020-06-24-22-06 LaunchPage:25 - Start Method:tc_VerifyClickOnSignIn
[INFO ] 2020-06-24-22-06 BaseClass:143 - Selenium WebDriver is initialized successfully to start execution
[INFO ] 2020-06-24-22-06 TestListeners:87 - Test Case:tc_VerifyClickOnSignIn has started
[INFO ] 2020-06-24-22-06 LaunchPage:25 - Start Method:tc_VerifyClickOnSignIn
[INFO ] 2020-06-24-22-06 LaunchPage:27 - End Method:tc_VerifyClickOnSignIn
[INFO ] 2020-06-24-22-06 TestListeners:95 - Test Case:tc_VerifyClickOnSignIn has executed successfully
]]></system-out>
    <system-err><![CDATA[1593029195173	Marionette	INFO	Stopped listening on port 50553
Jun 24, 2020 10:06:37 PM org.openqa.selenium.remote.ProtocolHandshake createSession
INFO: Detected dialect: W3C
Jun 24, 2020 10:06:37 PM org.openqa.selenium.remote.ProtocolHandshake createSession
INFO: Detected dialect: OSS
]]></system-err>
  </testcase>
  <testcase name="tc_VerifyClickOnSignIn" classname="com.Automation.TestCases.LaunchPageTest" time="2.727">
    <system-out><![CDATA[[INFO ] 2020-06-24-22-06 BaseClass:153 - Driver is being closed.
[INFO ] 2020-06-24-22-06 BaseClass:157 - Driver closed successfully.
[INFO ] 2020-06-24-22-06 LaunchPage:27 - End Method:tc_VerifyClickOnSignIn
[INFO ] 2020-06-24-22-06 TestListeners:95 - Test Case:tc_VerifyClickOnSignIn has executed successfully
]]></system-out>
  </testcase>
</testsuite>