<?xml version="1.0" encoding="UTF-8"?>
<!-- Generated by org.testng.reporters.JUnitReportReporter -->
<testsuite skipped="0" hostname="Sujatas-MacBook-Pro-2.local" name="com.Automation.TestCases.LaunchPageTest" tests="4" failures="0" timestamp="24 Jun 2020 20:06:43 GMT" time="49.086" errors="0">
  <testcase name="tc_VerifyClickOnSignIn" time="15.886" classname="com.Automation.TestCases.LaunchPageTest"/>
  <testcase name="tc_VerifyClickOnSignIn" time="6.517" classname="com.Automation.TestCases.LaunchPageTest"/>
  <testcase name="tc_VerifyClickOnSignIn" time="9.982" classname="com.Automation.TestCases.LaunchPageTest"/>
  <testcase name="tc_VerifyClickOnSignIn" time="16.701" classname="com.Automation.TestCases.LaunchPageTest"/>
</testsuite> <!-- com.Automation.TestCases.LaunchPageTest -->
